c:\users\컴퓨터\desktop\code_practice\3d_renderer\3drenderer\3drenderer\x64\debug\3drenderer.pch
c:\users\컴퓨터\desktop\code_practice\3d_renderer\3drenderer\3drenderer\x64\debug\vc143.pdb
c:\users\컴퓨터\desktop\code_practice\3d_renderer\3drenderer\3drenderer\x64\debug\vc143.idb
c:\users\컴퓨터\desktop\code_practice\3d_renderer\3drenderer\3drenderer\x64\debug\stdafx.obj
c:\users\컴퓨터\desktop\code_practice\3d_renderer\3drenderer\3drenderer\x64\debug\vector3.obj
c:\users\컴퓨터\desktop\code_practice\3d_renderer\3drenderer\3drenderer\x64\debug\quaternion.obj
c:\users\컴퓨터\desktop\code_practice\3d_renderer\3drenderer\3drenderer\x64\debug\matrix44.obj
c:\users\컴퓨터\desktop\code_practice\3d_renderer\3drenderer\3drenderer\x64\debug\mathlib.obj
c:\users\컴퓨터\desktop\code_practice\3d_renderer\3drenderer\3drenderer\x64\debug\framework.obj
c:\users\컴퓨터\desktop\code_practice\3d_renderer\3drenderer\3drenderer\x64\debug\dibsection.obj
c:\users\컴퓨터\desktop\code_practice\3d_renderer\3drenderer\3drenderer\x64\debug\color32.obj
c:\users\컴퓨터\desktop\code_practice\3d_renderer\3drenderer\3drenderer\x64\debug\3drenderer.obj
c:\users\컴퓨터\desktop\code_practice\3d_renderer\3drenderer\3drenderer\x64\debug\3drenderer.ilk
c:\users\컴퓨터\desktop\code_practice\3d_renderer\3drenderer\x64\debug\3drenderer.exe
c:\users\컴퓨터\desktop\code_practice\3d_renderer\3drenderer\x64\debug\3drenderer.pdb
c:\users\컴퓨터\desktop\code_practice\3d_renderer\3drenderer\3drenderer\x64\debug\3drenderer.res
c:\users\컴퓨터\desktop\code_practice\3d_renderer\3drenderer\3drenderer\x64\debug\3drenderer.tlog\cl.command.1.tlog
c:\users\컴퓨터\desktop\code_practice\3d_renderer\3drenderer\3drenderer\x64\debug\3drenderer.tlog\cl.read.1.tlog
c:\users\컴퓨터\desktop\code_practice\3d_renderer\3drenderer\3drenderer\x64\debug\3drenderer.tlog\cl.write.1.tlog
c:\users\컴퓨터\desktop\code_practice\3d_renderer\3drenderer\3drenderer\x64\debug\3drenderer.tlog\link.command.1.tlog
c:\users\컴퓨터\desktop\code_practice\3d_renderer\3drenderer\3drenderer\x64\debug\3drenderer.tlog\link.read.1.tlog
c:\users\컴퓨터\desktop\code_practice\3d_renderer\3drenderer\3drenderer\x64\debug\3drenderer.tlog\link.write.1.tlog
c:\users\컴퓨터\desktop\code_practice\3d_renderer\3drenderer\3drenderer\x64\debug\3drenderer.tlog\rc.command.1.tlog
c:\users\컴퓨터\desktop\code_practice\3d_renderer\3drenderer\3drenderer\x64\debug\3drenderer.tlog\rc.read.1.tlog
c:\users\컴퓨터\desktop\code_practice\3d_renderer\3drenderer\3drenderer\x64\debug\3drenderer.tlog\rc.write.1.tlog
